<?xml version="1.0" encoding="UTF-8"?>
<!-- Generated by org.testng.reporters.JUnitReportReporter -->
<testsuite hostname="DESKTOP-5NJ8RDL" failures="0" tests="1" name="com.app.product.compare.tool.PriceComparisonTests" time="0.009" errors="0" timestamp="6 May 2024 20:24:23 GMT">
  <testcase classname="com.app.product.compare.tool.PriceComparisonTests" name="testFindLowestPriceUrl" time="0.009"/>
</testsuite> <!-- com.app.product.compare.tool.PriceComparisonTests -->
